<?xml version="1.0" encoding="UTF-8"?>
<!-- Generated by org.testng.reporters.JUnitReportReporter -->
<testsuite hostname="BELUS2655-MBP" name="com.summarySales.testCases.TestSummarySales" tests="1" failures="0" timestamp="27 Sep 2019 04:47:18 GMT" time="0.039" errors="0">
  <testcase name="getSummarySales" time="0.039" classname="com.summarySales.testCases.TestSummarySales"/>
</testsuite> <!-- com.summarySales.testCases.TestSummarySales -->
