<?xml version="1.0" encoding="UTF-8"?>
<!-- Generated by org.testng.reporters.JUnitReportReporter -->
<testsuite hostname="BELUS2655-MBP" name="com.business.testCases.TestBusinessIds" tests="1" failures="0" timestamp="27 Sep 2019 03:42:37 GMT" time="0.941" errors="0">
  <testcase name="getBusinessesById" time="0.941" classname="com.business.testCases.TestBusinessIds"/>
</testsuite> <!-- com.business.testCases.TestBusinessIds -->
